<?xml version="1.0" encoding="UTF-8"?>
<testng-results skipped="0" failed="0" total="1" passed="1">
  <reporter-output>
  </reporter-output>
  <suite name="Default suite" duration-ms="57257" started-at="2020-10-10T03:33:17Z" finished-at="2020-10-10T03:34:14Z">
    <groups>
    </groups>
    <test name="Default test" duration-ms="57257" started-at="2020-10-10T03:33:17Z" finished-at="2020-10-10T03:34:14Z">
      <class name="tests.MaxFashionTests">
        <test-method status="PASS" signature="setup()[pri:0, instance:tests.MaxFashionTests@30c7da1e]" name="setup" is-config="true" duration-ms="32611" started-at="2020-10-10T09:03:17Z" finished-at="2020-10-10T09:03:49Z">
          <reporter-output>
          </reporter-output>
        </test-method> <!-- setup -->
        <test-method status="PASS" signature="performPreRequisite()[pri:0, instance:tests.MaxFashionTests@30c7da1e]" name="performPreRequisite" is-config="true" duration-ms="33" started-at="2020-10-10T09:03:49Z" finished-at="2020-10-10T09:03:49Z">
          <reporter-output>
          </reporter-output>
        </test-method> <!-- performPreRequisite -->
        <test-method status="PASS" signature="testSiginAndSignOut()[pri:0, instance:tests.MaxFashionTests@30c7da1e]" name="testSiginAndSignOut" duration-ms="14966" started-at="2020-10-10T09:03:49Z" finished-at="2020-10-10T09:04:04Z">
          <reporter-output>
          </reporter-output>
        </test-method> <!-- testSiginAndSignOut -->
        <test-method status="PASS" signature="signOut()[pri:0, instance:tests.MaxFashionTests@30c7da1e]" name="signOut" is-config="true" duration-ms="5597" started-at="2020-10-10T09:04:04Z" finished-at="2020-10-10T09:04:10Z">
          <reporter-output>
          </reporter-output>
        </test-method> <!-- signOut -->
        <test-method status="PASS" signature="teardown()[pri:0, instance:tests.MaxFashionTests@30c7da1e]" name="teardown" is-config="true" duration-ms="4040" started-at="2020-10-10T09:04:10Z" finished-at="2020-10-10T09:04:14Z">
          <reporter-output>
          </reporter-output>
        </test-method> <!-- teardown -->
      </class> <!-- tests.MaxFashionTests -->
    </test> <!-- Default test -->
  </suite> <!-- Default suite -->
</testng-results>
